[2021-12-08 14:44:56,827] AnonymousUser : "GET /carts/" 302
[2021-12-08 14:44:56,869] AnonymousUser : "GET /products/best_selling/" 200
[2021-12-08 14:44:56,914] AnonymousUser : "GET /products/" 200
[2021-12-08 14:44:57,005] AnonymousUser : "GET /products/4/specs/" 200
[2021-12-08 14:44:57,010] AnonymousUser : "GET /products/4/images/first/" 200
[2021-12-08 14:44:57,016] AnonymousUser : "GET /accounts/login/" 500
[2021-12-08 14:44:57,030] AnonymousUser : "GET /products/12/images/first/" 200
[2021-12-08 14:44:57,050] AnonymousUser : "GET /products/12/specs/" 200
[2021-12-08 14:44:57,054] AnonymousUser : "GET /products/11/images/first/" 200
[2021-12-08 14:44:57,073] AnonymousUser : "GET /products/11/specs/" 200
[2021-12-08 14:44:57,143] AnonymousUser : "GET /products/10/images/first/" 200
[2021-12-08 14:44:57,182] AnonymousUser : "GET /products/10/specs/" 200
[2021-12-08 14:44:57,206] AnonymousUser : "GET /products/13/images/first/" 200
[2021-12-08 14:44:57,216] AnonymousUser : "GET /products/7/images/first/" 200
[2021-12-08 14:44:57,219] AnonymousUser : "GET /products/13/specs/" 200
[2021-12-08 14:44:57,242] AnonymousUser : "GET /products/7/specs/" 200
[2021-12-08 14:44:57,248] AnonymousUser : "GET /products/5/images/first/" 200
[2021-12-08 14:44:57,262] AnonymousUser : "GET /products/5/specs/" 200
[2021-12-08 14:44:57,274] AnonymousUser : "GET /products/9/images/first/" 200
[2021-12-08 14:44:57,298] AnonymousUser : "GET /products/3/images/first/" 200
[2021-12-08 14:44:57,314] AnonymousUser : "GET /products/9/specs/" 200
[2021-12-08 14:44:57,320] AnonymousUser : "GET /products/3/specs/" 200
[2021-12-08 14:44:57,334] AnonymousUser : "GET /products/6/images/first/" 200
[2021-12-08 14:44:57,344] AnonymousUser : "GET /products/6/specs/" 200
[2021-12-08 14:44:57,424] AnonymousUser : "GET /products/3/images/first/" 200
[2021-12-08 14:44:57,439] AnonymousUser : "GET /products/4/images/first/" 200
[2021-12-08 14:44:57,444] AnonymousUser : "GET /products/4/specs/" 200
[2021-12-08 14:44:57,467] AnonymousUser : "GET /products/3/specs/" 200
[2021-12-08 14:44:57,481] AnonymousUser : "GET /products/5/images/first/" 200
[2021-12-08 14:44:57,487] AnonymousUser : "GET /products/6/images/first/" 200
[2021-12-08 14:44:57,509] AnonymousUser : "GET /products/5/specs/" 200
[2021-12-08 14:44:57,525] AnonymousUser : "GET /products/6/specs/" 200
[2021-12-08 14:44:57,536] AnonymousUser : "GET /products/7/images/first/" 200
[2021-12-08 14:44:57,561] AnonymousUser : "GET /media/product_images/chips2.jpeg" 304
[2021-12-08 14:44:57,565] AnonymousUser : "GET /products/7/specs/" 200
[2021-12-08 14:44:57,571] AnonymousUser : "GET /products/8/images/first/" 200
[2021-12-08 14:44:57,583] AnonymousUser : "GET /products/8/specs/" 200
[2021-12-08 14:44:57,596] AnonymousUser : "GET /products/9/specs/" 200
[2021-12-08 14:44:57,611] AnonymousUser : "GET /products/9/images/first/" 200
[2021-12-08 14:44:57,624] AnonymousUser : "GET /products/10/images/first/" 200
[2021-12-08 14:44:57,630] AnonymousUser : "GET /products/10/specs/" 200
[2021-12-08 14:44:57,644] AnonymousUser : "GET /products/11/images/first/" 200
[2021-12-08 14:44:57,657] AnonymousUser : "GET /products/11/specs/" 200
[2021-12-08 14:44:57,681] AnonymousUser : "GET /products/12/specs/" 200
[2021-12-08 14:44:57,687] AnonymousUser : "GET /products/12/images/first/" 200
[2021-12-08 14:44:57,691] AnonymousUser : "GET /media/product_images/water1_VfPeSzW.jpg" 304
[2021-12-08 14:44:57,700] AnonymousUser : "GET /products/13/specs/" 200
[2021-12-08 14:44:57,705] AnonymousUser : "GET /products/13/images/first/" 200
[2021-12-08 14:44:57,727] AnonymousUser : "GET /products/14/specs/" 200
[2021-12-08 14:44:57,746] AnonymousUser : "GET /products/15/images/first/" 200
[2021-12-08 14:44:57,752] AnonymousUser : "GET /products/14/images/first/" 200
[2021-12-08 14:44:57,760] AnonymousUser : "GET /products/15/specs/" 200
[2021-12-08 14:44:57,773] AnonymousUser : "GET /0" 404
[2021-12-08 14:44:57,900] AnonymousUser : "GET /media/product_images/2021-2022_niTPZuL.jpg" 304
[2021-12-08 14:44:57,949] AnonymousUser : "GET /media/product_images/2021-2022.jpg" 304
